463332 [org.springframework.kafka.KafkaListenerEndpointContainer#1-0-C-1] INFO  com.lemnisk.springdatabase.kafka.kafkaConsumerDownstream  - Json message received -> {"subject_template":"Hey Abhiram","engID":42,"body_template":"Hey Abhiram@email.com, 3.141% off on all purchases","email":"Abhiram@email.com"}
464748 [org.springframework.kafka.KafkaListenerEndpointContainer#1-0-C-1] INFO  com.lemnisk.springdatabase.kafka.kafkaConsumerDownstream  - {"success":true}
464753 [org.springframework.kafka.KafkaListenerEndpointContainer#1-0-C-1] INFO  com.lemnisk.springdatabase.kafka.kafkaConsumerDownstream  - Json message received -> {"subject_template":"Hey Likhitha","engID":42,"body_template":"Hey Likhitha@email.com, 3.141% off on all purchases","email":"Likhitha@email.com"}
466128 [org.springframework.kafka.KafkaListenerEndpointContainer#1-0-C-1] INFO  com.lemnisk.springdatabase.kafka.kafkaConsumerDownstream  - {"success":true}
466133 [org.springframework.kafka.KafkaListenerEndpointContainer#1-0-C-1] INFO  com.lemnisk.springdatabase.kafka.kafkaConsumerDownstream  - Json message received -> {"subject_template":"Hey Aatiq","engID":42,"body_template":"Hey Aatiq@email.com, 3.141% off on all purchases","email":"Aatiq@email.com"}
467474 [org.springframework.kafka.KafkaListenerEndpointContainer#1-0-C-1] INFO  com.lemnisk.springdatabase.kafka.kafkaConsumerDownstream  - {"success":true}
467474 [org.springframework.kafka.KafkaListenerEndpointContainer#1-0-C-1] INFO  com.lemnisk.springdatabase.kafka.kafkaConsumerDownstream  - Json message received -> {"subject_template":"Hey Sushant","engID":42,"body_template":"Hey Sushant@email.com, 3.141% off on all purchases","email":"Sushant@email.com"}
468823 [org.springframework.kafka.KafkaListenerEndpointContainer#1-0-C-1] INFO  com.lemnisk.springdatabase.kafka.kafkaConsumerDownstream  - {"success":true}
468824 [org.springframework.kafka.KafkaListenerEndpointContainer#1-0-C-1] INFO  com.lemnisk.springdatabase.kafka.kafkaConsumerDownstream  - Json message received -> {"subject_template":"Hey Aditya","engID":42,"body_template":"Hey Aditya@email.com, 3.141% off on all purchases","email":"Aditya@email.com"}
470349 [org.springframework.kafka.KafkaListenerEndpointContainer#1-0-C-1] INFO  com.lemnisk.springdatabase.kafka.kafkaConsumerDownstream  - {"success":true}
841893 [org.springframework.kafka.KafkaListenerEndpointContainer#1-0-C-1] INFO  com.lemnisk.springdatabase.kafka.kafkaConsumerDownstream  - Json message received -> {"subject_template":"Hey Abhiram","engID":43,"body_template":"Hey Abhiram@email.com, 3.141% off on all purchases","email":"Abhiram@email.com"}
843289 [org.springframework.kafka.KafkaListenerEndpointContainer#1-0-C-1] INFO  com.lemnisk.springdatabase.kafka.kafkaConsumerDownstream  - {"success":true}
843293 [org.springframework.kafka.KafkaListenerEndpointContainer#1-0-C-1] INFO  com.lemnisk.springdatabase.kafka.kafkaConsumerDownstream  - Json message received -> {"subject_template":"Hey Likhitha","engID":43,"body_template":"Hey Likhitha@email.com, 3.141% off on all purchases","email":"Likhitha@email.com"}
844716 [org.springframework.kafka.KafkaListenerEndpointContainer#1-0-C-1] INFO  com.lemnisk.springdatabase.kafka.kafkaConsumerDownstream  - {"success":true}
844720 [org.springframework.kafka.KafkaListenerEndpointContainer#1-0-C-1] INFO  com.lemnisk.springdatabase.kafka.kafkaConsumerDownstream  - Json message received -> {"subject_template":"Hey Aatiq","engID":43,"body_template":"Hey Aatiq@email.com, 3.141% off on all purchases","email":"Aatiq@email.com"}
846010 [org.springframework.kafka.KafkaListenerEndpointContainer#1-0-C-1] INFO  com.lemnisk.springdatabase.kafka.kafkaConsumerDownstream  - {"success":true}
846011 [org.springframework.kafka.KafkaListenerEndpointContainer#1-0-C-1] INFO  com.lemnisk.springdatabase.kafka.kafkaConsumerDownstream  - Json message received -> {"subject_template":"Hey Sushant","engID":43,"body_template":"Hey Sushant@email.com, 3.141% off on all purchases","email":"Sushant@email.com"}
847312 [org.springframework.kafka.KafkaListenerEndpointContainer#1-0-C-1] INFO  com.lemnisk.springdatabase.kafka.kafkaConsumerDownstream  - {"success":true}
847313 [org.springframework.kafka.KafkaListenerEndpointContainer#1-0-C-1] INFO  com.lemnisk.springdatabase.kafka.kafkaConsumerDownstream  - Json message received -> {"subject_template":"Hey Aditya","engID":43,"body_template":"Hey Aditya@email.com, 3.141% off on all purchases","email":"Aditya@email.com"}
848549 [org.springframework.kafka.KafkaListenerEndpointContainer#1-0-C-1] INFO  com.lemnisk.springdatabase.kafka.kafkaConsumerDownstream  - {"success":true}
1    [org.springframework.kafka.KafkaListenerEndpointContainer#1-0-C-1] INFO  com.lemnisk.springdatabase.kafka.kafkaConsumerDownstream  - Json message received -> {"subject_template":"Hey Abhiram","engID":1,"body_template":"Hey Abhiram@email.com, 3.141% off on all purchases","email":"Abhiram@email.com"}
1709 [org.springframework.kafka.KafkaListenerEndpointContainer#1-0-C-1] INFO  com.lemnisk.springdatabase.kafka.kafkaConsumerDownstream  - {"success":true}
1714 [org.springframework.kafka.KafkaListenerEndpointContainer#1-0-C-1] INFO  com.lemnisk.springdatabase.kafka.kafkaConsumerDownstream  - Json message received -> {"subject_template":"Hey Likhitha","engID":1,"body_template":"Hey Likhitha@email.com, 3.141% off on all purchases","email":"Likhitha@email.com"}
3023 [org.springframework.kafka.KafkaListenerEndpointContainer#1-0-C-1] INFO  com.lemnisk.springdatabase.kafka.kafkaConsumerDownstream  - {"success":true}
3029 [org.springframework.kafka.KafkaListenerEndpointContainer#1-0-C-1] INFO  com.lemnisk.springdatabase.kafka.kafkaConsumerDownstream  - Json message received -> {"subject_template":"Hey Aatiq","engID":1,"body_template":"Hey Aatiq@email.com, 3.141% off on all purchases","email":"Aatiq@email.com"}
4289 [org.springframework.kafka.KafkaListenerEndpointContainer#1-0-C-1] INFO  com.lemnisk.springdatabase.kafka.kafkaConsumerDownstream  - {"success":true}
4290 [org.springframework.kafka.KafkaListenerEndpointContainer#1-0-C-1] INFO  com.lemnisk.springdatabase.kafka.kafkaConsumerDownstream  - Json message received -> {"subject_template":"Hey Sushant","engID":1,"body_template":"Hey Sushant@email.com, 3.141% off on all purchases","email":"Sushant@email.com"}
5569 [org.springframework.kafka.KafkaListenerEndpointContainer#1-0-C-1] INFO  com.lemnisk.springdatabase.kafka.kafkaConsumerDownstream  - {"success":true}
5570 [org.springframework.kafka.KafkaListenerEndpointContainer#1-0-C-1] INFO  com.lemnisk.springdatabase.kafka.kafkaConsumerDownstream  - Json message received -> {"subject_template":"Hey Aditya","engID":1,"body_template":"Hey Aditya@email.com, 3.141% off on all purchases","email":"Aditya@email.com"}
6925 [org.springframework.kafka.KafkaListenerEndpointContainer#1-0-C-1] INFO  com.lemnisk.springdatabase.kafka.kafkaConsumerDownstream  - {"success":true}
0    [org.springframework.kafka.KafkaListenerEndpointContainer#1-0-C-1] INFO  com.lemnisk.springdatabase.kafka.kafkaConsumerDownstream  - Json message received -> {"subject_template":"Hey Abhiram","engID":3,"body_template":"Hey Abhiram@email.com, 3.141% off on all purchases","email":"Abhiram@email.com"}
4164 [org.springframework.kafka.KafkaListenerEndpointContainer#1-0-C-1] INFO  com.lemnisk.springdatabase.kafka.kafkaConsumerDownstream  - {"success":true}
4174 [org.springframework.kafka.KafkaListenerEndpointContainer#1-0-C-1] INFO  com.lemnisk.springdatabase.kafka.kafkaConsumerDownstream  - Json message received -> {"subject_template":"Hey Likhitha","engID":3,"body_template":"Hey Likhitha@email.com, 3.141% off on all purchases","email":"Likhitha@email.com"}
7469 [org.springframework.kafka.KafkaListenerEndpointContainer#1-0-C-1] INFO  com.lemnisk.springdatabase.kafka.kafkaConsumerDownstream  - {"success":true}
7470 [org.springframework.kafka.KafkaListenerEndpointContainer#1-0-C-1] INFO  com.lemnisk.springdatabase.kafka.kafkaConsumerDownstream  - Json message received -> {"subject_template":"Hey Aatiq","engID":3,"body_template":"Hey Aatiq@email.com, 3.141% off on all purchases","email":"Aatiq@email.com"}
10738 [org.springframework.kafka.KafkaListenerEndpointContainer#1-0-C-1] INFO  com.lemnisk.springdatabase.kafka.kafkaConsumerDownstream  - {"success":true}
10740 [org.springframework.kafka.KafkaListenerEndpointContainer#1-0-C-1] INFO  com.lemnisk.springdatabase.kafka.kafkaConsumerDownstream  - Json message received -> {"subject_template":"Hey Sushant","engID":3,"body_template":"Hey Sushant@email.com, 3.141% off on all purchases","email":"Sushant@email.com"}
14011 [org.springframework.kafka.KafkaListenerEndpointContainer#1-0-C-1] INFO  com.lemnisk.springdatabase.kafka.kafkaConsumerDownstream  - {"success":true}
14012 [org.springframework.kafka.KafkaListenerEndpointContainer#1-0-C-1] INFO  com.lemnisk.springdatabase.kafka.kafkaConsumerDownstream  - Json message received -> {"subject_template":"Hey Aditya","engID":3,"body_template":"Hey Aditya@email.com, 3.141% off on all purchases","email":"Aditya@email.com"}
17284 [org.springframework.kafka.KafkaListenerEndpointContainer#1-0-C-1] INFO  com.lemnisk.springdatabase.kafka.kafkaConsumerDownstream  - {"success":true}
0    [org.springframework.kafka.KafkaListenerEndpointContainer#1-0-C-1] INFO  com.lemnisk.springdatabase.kafka.kafkaConsumerDownstream  - Json message received -> {"subject_template":"Hey Abhiram","engID":4,"body_template":"Hey Abhiram@email.com, 3.141% off on all purchases","email":"Abhiram@email.com"}
4085 [org.springframework.kafka.KafkaListenerEndpointContainer#1-0-C-1] INFO  com.lemnisk.springdatabase.kafka.kafkaConsumerDownstream  - {"success":true}
4094 [org.springframework.kafka.KafkaListenerEndpointContainer#1-0-C-1] INFO  com.lemnisk.springdatabase.kafka.kafkaConsumerDownstream  - Json message received -> {"subject_template":"Hey Likhitha","engID":4,"body_template":"Hey Likhitha@email.com, 3.141% off on all purchases","email":"Likhitha@email.com"}
7378 [org.springframework.kafka.KafkaListenerEndpointContainer#1-0-C-1] INFO  com.lemnisk.springdatabase.kafka.kafkaConsumerDownstream  - {"success":true}
7380 [org.springframework.kafka.KafkaListenerEndpointContainer#1-0-C-1] INFO  com.lemnisk.springdatabase.kafka.kafkaConsumerDownstream  - Json message received -> {"subject_template":"Hey Aatiq","engID":4,"body_template":"Hey Aatiq@email.com, 3.141% off on all purchases","email":"Aatiq@email.com"}
10620 [org.springframework.kafka.KafkaListenerEndpointContainer#1-0-C-1] INFO  com.lemnisk.springdatabase.kafka.kafkaConsumerDownstream  - {"success":true}
10621 [org.springframework.kafka.KafkaListenerEndpointContainer#1-0-C-1] INFO  com.lemnisk.springdatabase.kafka.kafkaConsumerDownstream  - Json message received -> {"subject_template":"Hey Sushant","engID":4,"body_template":"Hey Sushant@email.com, 3.141% off on all purchases","email":"Sushant@email.com"}
11593 [org.springframework.kafka.KafkaListenerEndpointContainer#1-0-C-1] INFO  com.lemnisk.springdatabase.kafka.kafkaConsumerDownstream  - Json message received -> {"subject_template":"Hey Sushant","engID":4,"body_template":"Hey Sushant@email.com, 3.141% off on all purchases","email":"Sushant@email.com"}
12530 [org.springframework.kafka.KafkaListenerEndpointContainer#1-0-C-1] INFO  com.lemnisk.springdatabase.kafka.kafkaConsumerDownstream  - Json message received -> {"subject_template":"Hey Sushant","engID":4,"body_template":"Hey Sushant@email.com, 3.141% off on all purchases","email":"Sushant@email.com"}
13464 [org.springframework.kafka.KafkaListenerEndpointContainer#1-0-C-1] INFO  com.lemnisk.springdatabase.kafka.kafkaConsumerDownstream  - Json message received -> {"subject_template":"Hey Sushant","engID":4,"body_template":"Hey Sushant@email.com, 3.141% off on all purchases","email":"Sushant@email.com"}
14400 [org.springframework.kafka.KafkaListenerEndpointContainer#1-0-C-1] INFO  com.lemnisk.springdatabase.kafka.kafkaConsumerDownstream  - Json message received -> {"subject_template":"Hey Sushant","engID":4,"body_template":"Hey Sushant@email.com, 3.141% off on all purchases","email":"Sushant@email.com"}
15337 [org.springframework.kafka.KafkaListenerEndpointContainer#1-0-C-1] INFO  com.lemnisk.springdatabase.kafka.kafkaConsumerDownstream  - Json message received -> {"subject_template":"Hey Sushant","engID":4,"body_template":"Hey Sushant@email.com, 3.141% off on all purchases","email":"Sushant@email.com"}
16275 [org.springframework.kafka.KafkaListenerEndpointContainer#1-0-C-1] INFO  com.lemnisk.springdatabase.kafka.kafkaConsumerDownstream  - Json message received -> {"subject_template":"Hey Sushant","engID":4,"body_template":"Hey Sushant@email.com, 3.141% off on all purchases","email":"Sushant@email.com"}
17210 [org.springframework.kafka.KafkaListenerEndpointContainer#1-0-C-1] INFO  com.lemnisk.springdatabase.kafka.kafkaConsumerDownstream  - Json message received -> {"subject_template":"Hey Sushant","engID":4,"body_template":"Hey Sushant@email.com, 3.141% off on all purchases","email":"Sushant@email.com"}
18144 [org.springframework.kafka.KafkaListenerEndpointContainer#1-0-C-1] INFO  com.lemnisk.springdatabase.kafka.kafkaConsumerDownstream  - Json message received -> {"subject_template":"Hey Sushant","engID":4,"body_template":"Hey Sushant@email.com, 3.141% off on all purchases","email":"Sushant@email.com"}
19077 [org.springframework.kafka.KafkaListenerEndpointContainer#1-0-C-1] INFO  com.lemnisk.springdatabase.kafka.kafkaConsumerDownstream  - Json message received -> {"subject_template":"Hey Sushant","engID":4,"body_template":"Hey Sushant@email.com, 3.141% off on all purchases","email":"Sushant@email.com"}
20006 [org.springframework.kafka.KafkaListenerEndpointContainer#1-0-C-1] INFO  com.lemnisk.springdatabase.kafka.kafkaConsumerDownstream  - Json message received -> {"subject_template":"Hey Aditya","engID":4,"body_template":"Hey Aditya@email.com, 3.141% off on all purchases","email":"Aditya@email.com"}
20940 [org.springframework.kafka.KafkaListenerEndpointContainer#1-0-C-1] INFO  com.lemnisk.springdatabase.kafka.kafkaConsumerDownstream  - Json message received -> {"subject_template":"Hey Aditya","engID":4,"body_template":"Hey Aditya@email.com, 3.141% off on all purchases","email":"Aditya@email.com"}
21873 [org.springframework.kafka.KafkaListenerEndpointContainer#1-0-C-1] INFO  com.lemnisk.springdatabase.kafka.kafkaConsumerDownstream  - Json message received -> {"subject_template":"Hey Aditya","engID":4,"body_template":"Hey Aditya@email.com, 3.141% off on all purchases","email":"Aditya@email.com"}
22807 [org.springframework.kafka.KafkaListenerEndpointContainer#1-0-C-1] INFO  com.lemnisk.springdatabase.kafka.kafkaConsumerDownstream  - Json message received -> {"subject_template":"Hey Aditya","engID":4,"body_template":"Hey Aditya@email.com, 3.141% off on all purchases","email":"Aditya@email.com"}
23744 [org.springframework.kafka.KafkaListenerEndpointContainer#1-0-C-1] INFO  com.lemnisk.springdatabase.kafka.kafkaConsumerDownstream  - Json message received -> {"subject_template":"Hey Aditya","engID":4,"body_template":"Hey Aditya@email.com, 3.141% off on all purchases","email":"Aditya@email.com"}
24677 [org.springframework.kafka.KafkaListenerEndpointContainer#1-0-C-1] INFO  com.lemnisk.springdatabase.kafka.kafkaConsumerDownstream  - Json message received -> {"subject_template":"Hey Aditya","engID":4,"body_template":"Hey Aditya@email.com, 3.141% off on all purchases","email":"Aditya@email.com"}
25609 [org.springframework.kafka.KafkaListenerEndpointContainer#1-0-C-1] INFO  com.lemnisk.springdatabase.kafka.kafkaConsumerDownstream  - Json message received -> {"subject_template":"Hey Aditya","engID":4,"body_template":"Hey Aditya@email.com, 3.141% off on all purchases","email":"Aditya@email.com"}
26543 [org.springframework.kafka.KafkaListenerEndpointContainer#1-0-C-1] INFO  com.lemnisk.springdatabase.kafka.kafkaConsumerDownstream  - Json message received -> {"subject_template":"Hey Aditya","engID":4,"body_template":"Hey Aditya@email.com, 3.141% off on all purchases","email":"Aditya@email.com"}
27476 [org.springframework.kafka.KafkaListenerEndpointContainer#1-0-C-1] INFO  com.lemnisk.springdatabase.kafka.kafkaConsumerDownstream  - Json message received -> {"subject_template":"Hey Aditya","engID":4,"body_template":"Hey Aditya@email.com, 3.141% off on all purchases","email":"Aditya@email.com"}
28406 [org.springframework.kafka.KafkaListenerEndpointContainer#1-0-C-1] INFO  com.lemnisk.springdatabase.kafka.kafkaConsumerDownstream  - Json message received -> {"subject_template":"Hey Aditya","engID":4,"body_template":"Hey Aditya@email.com, 3.141% off on all purchases","email":"Aditya@email.com"}
0    [org.springframework.kafka.KafkaListenerEndpointContainer#1-0-C-1] INFO  com.lemnisk.springdatabase.kafka.kafkaConsumerDownstream  - Json message received -> {"subject_template":"Hey Abhiram","engID":1,"body_template":"Hey Abhiram@email.com, 3.141% off on all purchases","email":"Abhiram@email.com"}
3997 [org.springframework.kafka.KafkaListenerEndpointContainer#1-0-C-1] INFO  com.lemnisk.springdatabase.kafka.kafkaConsumerDownstream  - {"success":true}
4009 [org.springframework.kafka.KafkaListenerEndpointContainer#1-0-C-1] INFO  com.lemnisk.springdatabase.kafka.kafkaConsumerDownstream  - Json message received -> {"subject_template":"Hey Likhitha","engID":1,"body_template":"Hey Likhitha@email.com, 3.141% off on all purchases","email":"Likhitha@email.com"}
7238 [org.springframework.kafka.KafkaListenerEndpointContainer#1-0-C-1] INFO  com.lemnisk.springdatabase.kafka.kafkaConsumerDownstream  - {"success":true}
7239 [org.springframework.kafka.KafkaListenerEndpointContainer#1-0-C-1] INFO  com.lemnisk.springdatabase.kafka.kafkaConsumerDownstream  - Json message received -> {"subject_template":"Hey Aatiq","engID":1,"body_template":"Hey Aatiq@email.com, 3.141% off on all purchases","email":"Aatiq@email.com"}
10448 [org.springframework.kafka.KafkaListenerEndpointContainer#1-0-C-1] INFO  com.lemnisk.springdatabase.kafka.kafkaConsumerDownstream  - {"success":true}
10449 [org.springframework.kafka.KafkaListenerEndpointContainer#1-0-C-1] INFO  com.lemnisk.springdatabase.kafka.kafkaConsumerDownstream  - Json message received -> {"subject_template":"Hey Sushant","engID":1,"body_template":"Hey Sushant@email.com, 3.141% off on all purchases","email":"Sushant@email.com"}
13695 [org.springframework.kafka.KafkaListenerEndpointContainer#1-0-C-1] INFO  com.lemnisk.springdatabase.kafka.kafkaConsumerDownstream  - {"success":true}
13696 [org.springframework.kafka.KafkaListenerEndpointContainer#1-0-C-1] INFO  com.lemnisk.springdatabase.kafka.kafkaConsumerDownstream  - Json message received -> {"subject_template":"Hey Aditya","engID":1,"body_template":"Hey Aditya@email.com, 3.141% off on all purchases","email":"Aditya@email.com"}
16917 [org.springframework.kafka.KafkaListenerEndpointContainer#1-0-C-1] INFO  com.lemnisk.springdatabase.kafka.kafkaConsumerDownstream  - {"success":true}
